Arguments: 
  /usr/local/bin/node /usr/local/Cellar/yarn/1.19.1/libexec/bin/yarn.js check --integrity

PATH: 
  /Users/EricLui/.rvm/gems/ruby-2.6.5/bin:/Users/EricLui/.rvm/gems/ruby-2.6.5@global/bin:/Users/EricLui/.rvm/rubies/ruby-2.6.5/bin:/Users/EricLui/.rvm/bin:/Users/EricLui/.rbenv/shims:/usr/local/bin:/usr/bin:/bin:/usr/sbin:/sbin:/Library/TeX/texbin:/usr/local/go/bin

Yarn version: 
  1.19.1

Node version: 
  8.9.4

Platform: 
  darwin x64

Trace: 
  SyntaxError: /Users/EricLui/cs169/project/SellFast-at-Cal/SellFast/package.json: Unexpected end of JSON input
      at JSON.parse (<anonymous>)
      at /usr/local/Cellar/yarn/1.19.1/libexec/lib/cli.js:1625:59
      at Generator.next (<anonymous>)
      at step (/usr/local/Cellar/yarn/1.19.1/libexec/lib/cli.js:304:30)
      at /usr/local/Cellar/yarn/1.19.1/libexec/lib/cli.js:315:13
      at <anonymous>

npm manifest: 
  

yarn manifest: 
  No manifest

Lockfile: 
  # THIS IS AN AUTOGENERATED FILE. DO NOT EDIT THIS FILE DIRECTLY.
  # yarn lockfile v1
